0 info it worked if it ends with ok
1 verbose cli [ '/usr/local/bin/node',
1 verbose cli   '/usr/local/bin/npm',
1 verbose cli   'install',
1 verbose cli   'kendo-ui' ]
2 info using npm@2.14.2
3 info using node@v4.0.0-rc.5
4 verbose install initial load of /home/sdzyuban/Projects/git/SD.NodeJs/client/package.json
5 warn package.json SD.NodeJs@0.0.1 No description
6 warn package.json SD.NodeJs@0.0.1 No repository field.
7 warn package.json SD.NodeJs@0.0.1 No README data
8 warn package.json SD.NodeJs@0.0.1 No license field.
9 verbose installManyTop reading scoped package data from /home/sdzyuban/Projects/git/SD.NodeJs/client/node_modules/bower/package.json
10 verbose installManyTop reading scoped package data from /home/sdzyuban/Projects/git/SD.NodeJs/client/node_modules/deferred/package.json
11 verbose installManyTop reading scoped package data from /home/sdzyuban/Projects/git/SD.NodeJs/client/node_modules/grunt/package.json
12 verbose installManyTop reading scoped package data from /home/sdzyuban/Projects/git/SD.NodeJs/client/node_modules/grunt-babel/package.json
13 verbose installManyTop reading scoped package data from /home/sdzyuban/Projects/git/SD.NodeJs/client/node_modules/grunt-browserify/package.json
14 verbose installManyTop reading scoped package data from /home/sdzyuban/Projects/git/SD.NodeJs/client/node_modules/grunt-contrib-clean/package.json
15 verbose installManyTop reading scoped package data from /home/sdzyuban/Projects/git/SD.NodeJs/client/node_modules/grunt-contrib-concat/package.json
16 verbose installManyTop reading scoped package data from /home/sdzyuban/Projects/git/SD.NodeJs/client/node_modules/grunt-contrib-copy/package.json
17 verbose installManyTop reading scoped package data from /home/sdzyuban/Projects/git/SD.NodeJs/client/node_modules/grunt-contrib-jshint/package.json
18 verbose installManyTop reading scoped package data from /home/sdzyuban/Projects/git/SD.NodeJs/client/node_modules/grunt-contrib-nodeunit/package.json
19 verbose installManyTop reading scoped package data from /home/sdzyuban/Projects/git/SD.NodeJs/client/node_modules/grunt-contrib-qunit/package.json
20 verbose installManyTop reading scoped package data from /home/sdzyuban/Projects/git/SD.NodeJs/client/node_modules/grunt-contrib-uglify/package.json
21 verbose installManyTop reading scoped package data from /home/sdzyuban/Projects/git/SD.NodeJs/client/node_modules/grunt-contrib-watch/package.json
22 verbose installManyTop reading scoped package data from /home/sdzyuban/Projects/git/SD.NodeJs/client/node_modules/grunt-es6-module-transpiler/package.json
23 verbose installManyTop reading scoped package data from /home/sdzyuban/Projects/git/SD.NodeJs/client/node_modules/grunt-es6-transpiler/package.json
24 verbose installManyTop reading scoped package data from /home/sdzyuban/Projects/git/SD.NodeJs/client/node_modules/grunt-react/package.json
25 verbose installManyTop reading scoped package data from /home/sdzyuban/Projects/git/SD.NodeJs/client/node_modules/jquery/package.json
26 verbose installManyTop reading scoped package data from /home/sdzyuban/Projects/git/SD.NodeJs/client/node_modules/kendo-ui-core/package.json
27 verbose installManyTop reading scoped package data from /home/sdzyuban/Projects/git/SD.NodeJs/client/node_modules/load-grunt-tasks/package.json
28 verbose installManyTop reading scoped package data from /home/sdzyuban/Projects/git/SD.NodeJs/client/node_modules/moment/package.json
29 verbose installManyTop reading scoped package data from /home/sdzyuban/Projects/git/SD.NodeJs/client/node_modules/react/package.json
30 verbose installManyTop reading scoped package data from /home/sdzyuban/Projects/git/SD.NodeJs/client/node_modules/react-dom/package.json
31 verbose installManyTop reading scoped package data from /home/sdzyuban/Projects/git/SD.NodeJs/client/node_modules/react-router/package.json
32 verbose installManyTop reading scoped package data from /home/sdzyuban/Projects/git/SD.NodeJs/client/node_modules/react-time/package.json
33 verbose installManyTop reading scoped package data from /home/sdzyuban/Projects/git/SD.NodeJs/client/node_modules/time-grunt/package.json
34 info package.json grunt@0.4.5 No license field.
35 info package.json grunt-contrib-concat@0.5.1 No license field.
36 info package.json grunt-contrib-jshint@0.10.0 No license field.
37 info package.json grunt-contrib-nodeunit@0.4.1 No license field.
38 info package.json grunt-contrib-watch@0.6.1 No license field.
39 info package.json grunt-es6-module-transpiler@0.6.0 No license field.
40 info package.json jquery@2.1.4 No license field.
41 info package.json grunt-browserify@4.0.1 No license field.
42 info package.json grunt-contrib-clean@0.6.0 No license field.
43 info package.json grunt-contrib-qunit@0.7.0 No license field.
44 info package.json grunt-contrib-uglify@0.5.1 No license field.
45 info package.json grunt-react@0.12.3 No license field.
46 info package.json kendo-ui-core@1.0.2 license should be a valid SPDX license expression
47 verbose readDependencies loading dependencies from /home/sdzyuban/Projects/git/SD.NodeJs/client/package.json
48 silly cache add args [ 'kendo-ui', null ]
49 verbose cache add spec kendo-ui
50 silly cache add parsed spec Result {
50 silly cache add   raw: 'kendo-ui',
50 silly cache add   scope: null,
50 silly cache add   name: 'kendo-ui',
50 silly cache add   rawSpec: '',
50 silly cache add   spec: '*',
50 silly cache add   type: 'range' }
51 silly addNamed kendo-ui@*
52 verbose addNamed "*" is a valid semver range for kendo-ui
53 silly addNameRange { name: 'kendo-ui', range: '*', hasData: false }
54 silly mapToRegistry name kendo-ui
55 silly mapToRegistry using default registry
56 silly mapToRegistry registry https://registry.npmjs.org/
57 silly mapToRegistry uri https://registry.npmjs.org/kendo-ui
58 verbose addNameRange registry:https://registry.npmjs.org/kendo-ui not in flight; fetching
59 verbose request uri https://registry.npmjs.org/kendo-ui
60 verbose request no auth needed
61 info attempt registry request try #1 at 8:04:38 PM
62 verbose request id 54c7ec9031f304be
63 http request GET https://registry.npmjs.org/kendo-ui
64 http 404 https://registry.npmjs.org/kendo-ui
65 verbose headers { 'content-type': 'application/json',
65 verbose headers   'cache-control': 'max-age=0',
65 verbose headers   'content-length': '2',
65 verbose headers   'accept-ranges': 'bytes',
65 verbose headers   date: 'Mon, 26 Oct 2015 18:04:45 GMT',
65 verbose headers   via: '1.1 varnish',
65 verbose headers   age: '0',
65 verbose headers   connection: 'keep-alive',
65 verbose headers   'x-served-by': 'cache-fra1228-FRA',
65 verbose headers   'x-cache': 'MISS',
65 verbose headers   'x-cache-hits': '0',
65 verbose headers   'x-timer': 'S1445882684.490016,VS0,VE721' }
66 silly get cb [ 404,
66 silly get   { 'content-type': 'application/json',
66 silly get     'cache-control': 'max-age=0',
66 silly get     'content-length': '2',
66 silly get     'accept-ranges': 'bytes',
66 silly get     date: 'Mon, 26 Oct 2015 18:04:45 GMT',
66 silly get     via: '1.1 varnish',
66 silly get     age: '0',
66 silly get     connection: 'keep-alive',
66 silly get     'x-served-by': 'cache-fra1228-FRA',
66 silly get     'x-cache': 'MISS',
66 silly get     'x-cache-hits': '0',
66 silly get     'x-timer': 'S1445882684.490016,VS0,VE721' } ]
67 verbose stack Error: Registry returned 404 for GET on https://registry.npmjs.org/kendo-ui
67 verbose stack     at makeError (/usr/local/lib/node_modules/npm/node_modules/npm-registry-client/lib/request.js:263:12)
67 verbose stack     at CachingRegistryClient.<anonymous> (/usr/local/lib/node_modules/npm/node_modules/npm-registry-client/lib/request.js:241:14)
67 verbose stack     at Request._callback (/usr/local/lib/node_modules/npm/node_modules/npm-registry-client/lib/request.js:171:14)
67 verbose stack     at Request.self.callback (/usr/local/lib/node_modules/npm/node_modules/request/request.js:198:22)
67 verbose stack     at emitTwo (events.js:87:13)
67 verbose stack     at Request.emit (events.js:172:7)
67 verbose stack     at Request.<anonymous> (/usr/local/lib/node_modules/npm/node_modules/request/request.js:1073:14)
67 verbose stack     at emitOne (events.js:82:20)
67 verbose stack     at Request.emit (events.js:169:7)
67 verbose stack     at IncomingMessage.<anonymous> (/usr/local/lib/node_modules/npm/node_modules/request/request.js:1019:12)
68 verbose statusCode 404
69 verbose pkgid kendo-ui
70 verbose cwd /home/sdzyuban/Projects/git/SD.NodeJs/client
71 error Linux 3.19.0-31-generic
72 error argv "/usr/local/bin/node" "/usr/local/bin/npm" "install" "kendo-ui"
73 error node v4.0.0-rc.5
74 error npm  v2.14.2
75 error code E404
76 error 404 Registry returned 404 for GET on https://registry.npmjs.org/kendo-ui
76 error 404
76 error 404 'kendo-ui' is not in the npm registry.
76 error 404 You should bug the author to publish it (or use the name yourself!)
76 error 404 It was specified as a dependency of 'SD.NodeJs'
76 error 404
76 error 404 Note that you can also install from a
76 error 404 tarball, folder, http url, or git url.
77 verbose exit [ 1, true ]
